<?xml version="1.0" encoding="UTF-8"?>
<!-- Generated by org.testng.reporters.JUnitReportReporter -->
<testsuite skipped="0" hostname="Abdou-PC" name="tests.Test_Case" tests="1" failures="0" timestamp="2021-07-27T23:40:19 GMT+01:00" time="1.201" errors="0">
  <testcase name="verifyContentFile" time="1.201" classname="tests.Test_Case"/>
  <system-out/>
</testsuite> <!-- tests.Test_Case -->
